<?xml version="1.0" encoding="UTF-8"?>
<!-- Generated by org.testng.reporters.JUnitXMLReporter -->
<testsuite hostname="Shri-PC" ignored="0" name="Test" tests="10" failures="1" timestamp="2021-10-17T17:15:55 IST" time="11.32" errors="0">
  <testcase name="test01" time="0.458" classname="com.pagesTest.LoginPageTest"/>
  <testcase name="test02" time="1.398" classname="com.pagesTest.LoginPageTest"/>
  <testcase name="test03" time="0.098" classname="com.pagesTest.DashboardPageTest"/>
  <testcase name="test04" time="0.119" classname="com.pagesTest.DashboardPageTest"/>
  <testcase name="test06" time="0.512" classname="com.pagesTest.DashboardPageTest"/>
  <testcase name="test21" time="0.279" classname="com.pagesTest.UserPageTest"/>
  <testcase name="test22" time="0.359" classname="com.pagesTest.UserPageTest"/>
  <testcase name="test33" time="6.851" classname="com.pagesTest.AddUserPageTest"/>
  <testcase name="test34" time="0.619" classname="com.pagesTest.AddUserPageTest"/>
  <testcase name="test35" time="0.526" classname="com.pagesTest.AddUserPageTest">
    <failure type="java.lang.AssertionError" message="Lists differ at element [0]: --Select State-- != [--select--] expected [--Select State--] but found [[--select--]]">
      <![CDATA[java.lang.AssertionError: Lists differ at element [0]: --Select State-- != [--select--] expected [--Select State--] but found [[--select--]]
at com.pages.AddUserPage.compareExcelDataWithDropDownOptions(AddUserPage.java:177)
at com.pagesTest.AddUserPageTest.test35(AddUserPageTest.java:34)
at java.util.ArrayList.forEach(ArrayList.java:1249)
... Removed 32 stack frames]]>
    </failure>
  </testcase> <!-- test35 -->
</testsuite> <!-- Test -->
